10:43:48.768803: Submodules: [] []
10:43:48.771150: Changes: [' M .gitignore', ' M src/giterm/cursutils.py', ' M src/giterm/gui.py', ' M src/giterm/panel.py', ' M src/giterm/rungit.py', '?? giterm.log'] [' M .gitignore', ' M src/giterm/cursutils.py', ' M src/giterm/gui.py', ' M src/giterm/panel.py', ' M src/giterm/rungit.py', '?? giterm.log']
10:43:48.773689: Stashes: [] []
10:43:48.777386: Staging Area: [] []
10:43:48.779066: Remotes: ['origin'] ['origin']
10:43:50.922530: Submodules: [] []
10:43:50.925937: Changes: [' M .gitignore', ' M src/giterm/cursutils.py', ' M src/giterm/gui.py', ' M src/giterm/panel.py', ' M src/giterm/rungit.py', '?? giterm.log'] [' M .gitignore', ' M src/giterm/cursutils.py', ' M src/giterm/gui.py', ' M src/giterm/panel.py', ' M src/giterm/rungit.py', '?? giterm.log']
10:43:50.929408: Stashes: [] []
10:43:50.934953: Staging Area: [] []
10:43:50.937364: Remotes: ['origin'] ['origin']
10:43:52.647503: Submodules: [] []
10:43:52.651084: Changes: [' M .gitignore', ' M src/giterm/cursutils.py', ' M src/giterm/gui.py', ' M src/giterm/panel.py', ' M src/giterm/rungit.py', '?? giterm.log'] [' M .gitignore', ' M src/giterm/cursutils.py', ' M src/giterm/gui.py', ' M src/giterm/panel.py', ' M src/giterm/rungit.py', '?? giterm.log']
10:43:52.654759: Stashes: [] []
10:43:52.660062: Staging Area: [] []
10:43:52.662489: Remotes: ['origin'] ['origin']
11:00:37.391524: Stashes: [] []
11:00:37.396648: Changes: [' M .gitignore', ' M requirements.txt', ' M src/giterm/cursutils.py', ' M src/giterm/giterm.py', ' M src/giterm/gui.py', ' M src/giterm/panel.py', ' M src/giterm/rungit.py', '?? giterm.log'] [' M .gitignore', ' M requirements.txt', ' M src/giterm/cursutils.py', ' M src/giterm/giterm.py', ' M src/giterm/gui.py', ' M src/giterm/panel.py', ' M src/giterm/rungit.py', '?? giterm.log']
11:00:37.398937: Staging Area: [] []
11:00:37.424759: Submodules: [] []
11:00:37.426900: Remotes: ['origin'] ['origin']
11:00:40.582375: Stashes: [] []
11:00:40.598046: Changes: [' M .gitignore', ' M requirements.txt', ' M src/giterm/cursutils.py', ' M src/giterm/giterm.py', ' M src/giterm/gui.py', ' M src/giterm/panel.py', ' M src/giterm/rungit.py', '?? giterm.log'] [' M .gitignore', ' M requirements.txt', ' M src/giterm/cursutils.py', ' M src/giterm/giterm.py', ' M src/giterm/gui.py', ' M src/giterm/panel.py', ' M src/giterm/rungit.py', '?? giterm.log']
11:00:40.605227: Staging Area: [] []
11:00:40.639972: Submodules: [] []
11:00:40.642436: Remotes: ['origin'] ['origin']
11:01:54.291058: Stashes: [] []
11:01:54.296000: Changes: [' M .gitignore', ' M requirements.txt', ' M src/giterm/cursutils.py', ' M src/giterm/giterm.py', ' M src/giterm/gui.py', ' M src/giterm/panel.py', ' M src/giterm/rungit.py', '?? giterm.log'] [' M .gitignore', ' M requirements.txt', ' M src/giterm/cursutils.py', ' M src/giterm/giterm.py', ' M src/giterm/gui.py', ' M src/giterm/panel.py', ' M src/giterm/rungit.py', '?? giterm.log']
11:01:54.298623: Staging Area: [] []
11:01:54.323368: Submodules: [] []
11:01:54.325487: Remotes: ['origin'] ['origin']
11:01:55.333788: Stashes: [] []
11:01:55.341340: Changes: [' M .gitignore', ' M requirements.txt', ' M src/giterm/cursutils.py', ' M src/giterm/giterm.py', ' M src/giterm/gui.py', ' M src/giterm/panel.py', ' M src/giterm/rungit.py', '?? giterm.log'] [' M .gitignore', ' M requirements.txt', ' M src/giterm/cursutils.py', ' M src/giterm/giterm.py', ' M src/giterm/gui.py', ' M src/giterm/panel.py', ' M src/giterm/rungit.py', '?? giterm.log']
11:01:55.345558: Staging Area: [] []
11:01:55.373892: Submodules: [] []
11:01:55.376195: Remotes: ['origin'] ['origin']
11:01:57.393108: Submodules: [] []
11:01:57.396259: Staging Area: [] []
11:01:57.398437: Remotes: ['origin'] ['origin']
11:01:57.402639: Stashes: [] []
11:01:57.412745: Changes: [' M .gitignore', ' M requirements.txt', ' M src/giterm/cursutils.py', ' M src/giterm/giterm.py', ' M src/giterm/gui.py', ' M src/giterm/panel.py', ' M src/giterm/rungit.py', '?? giterm.log'] [' M .gitignore', ' M requirements.txt', ' M src/giterm/cursutils.py', ' M src/giterm/giterm.py', ' M src/giterm/gui.py', ' M src/giterm/panel.py', ' M src/giterm/rungit.py', '?? giterm.log']
11:01:58.912935: Submodules: [] []
11:01:58.921222: Staging Area: [] []
11:01:58.927761: Remotes: ['origin'] ['origin']
11:01:58.939554: Stashes: [] []
11:01:58.958333: Changes: [' M .gitignore', ' M requirements.txt', ' M src/giterm/cursutils.py', ' M src/giterm/giterm.py', ' M src/giterm/gui.py', ' M src/giterm/panel.py', ' M src/giterm/rungit.py', '?? giterm.log'] [' M .gitignore', ' M requirements.txt', ' M src/giterm/cursutils.py', ' M src/giterm/giterm.py', ' M src/giterm/gui.py', ' M src/giterm/panel.py', ' M src/giterm/rungit.py', '?? giterm.log']
11:02:01.145799: Submodules: [] []
11:02:01.152531: Staging Area: [] []
11:02:01.155100: Remotes: ['origin'] ['origin']
11:02:01.160942: Stashes: [] []
11:02:01.174315: Changes: [' M .gitignore', ' M requirements.txt', ' M src/giterm/cursutils.py', ' M src/giterm/giterm.py', ' M src/giterm/gui.py', ' M src/giterm/panel.py', ' M src/giterm/rungit.py', '?? giterm.log'] [' M .gitignore', ' M requirements.txt', ' M src/giterm/cursutils.py', ' M src/giterm/giterm.py', ' M src/giterm/gui.py', ' M src/giterm/panel.py', ' M src/giterm/rungit.py', '?? giterm.log']
11:02:04.265549: Submodules: [] []
11:02:04.274174: Staging Area: [] []
11:02:04.281840: Remotes: ['origin'] ['origin']
11:02:04.298497: Stashes: [] []
11:02:04.320146: Changes: [' M .gitignore', ' M requirements.txt', ' M src/giterm/cursutils.py', ' M src/giterm/giterm.py', ' M src/giterm/gui.py', ' M src/giterm/panel.py', ' M src/giterm/rungit.py', '?? giterm.log'] [' M .gitignore', ' M requirements.txt', ' M src/giterm/cursutils.py', ' M src/giterm/giterm.py', ' M src/giterm/gui.py', ' M src/giterm/panel.py', ' M src/giterm/rungit.py', '?? giterm.log']
11:02:05.919844: Submodules: [] []
11:02:05.931968: Staging Area: [] []
11:02:05.940221: Remotes: ['origin'] ['origin']
11:02:05.953520: Stashes: [] []
11:02:05.972095: Changes: [' M .gitignore', ' M requirements.txt', ' M src/giterm/cursutils.py', ' M src/giterm/giterm.py', ' M src/giterm/gui.py', ' M src/giterm/panel.py', ' M src/giterm/rungit.py', '?? giterm.log'] [' M .gitignore', ' M requirements.txt', ' M src/giterm/cursutils.py', ' M src/giterm/giterm.py', ' M src/giterm/gui.py', ' M src/giterm/panel.py', ' M src/giterm/rungit.py', '?? giterm.log']
